7.5510 	WARNING 	User requested fullscreen with size [1024  768], but screen is actually [1920, 1080]. Using actual size
8.3730 	EXP 	Created window1 = Window(allowGUI=True, allowStencil=False, autoLog=True, backendConf=UNKNOWN, backgroundFit=<method-wrapper '__getattribute__' of attributeSetter object at 0x00000225A429EFD0>, backgroundImage=<method-wrapper '__getattribute__' of attributeSetter object at 0x00000225A429EF70>, bitsMode=UNKNOWN, blendMode='avg', bpc=(8, 8, 8), color=array([0, 0, 0]), colorSpace='rgb', depthBits=8, fullscr=<method-wrapper '__getattribute__' of attributeSetter object at 0x00000225A429EC70>, gamma=None, gammaErrorPolicy='raise', lms=UNKNOWN, monitor=<psychopy.monitors.calibTools.Monitor object at 0x00000225AB4D0F40>, multiSample=False, name='window1', numSamples=2, pos=(0, 0), screen=0, size=array([1920, 1080]), stencilBits=0, stereo=False, units='height', useFBO=True, useRetina=False, viewOri=0.0, viewPos=None, viewScale=None, waitBlanking=True, winType='pyglet')
8.3731 	EXP 	window1: mouseVisible = True
8.3731 	EXP 	window1: backgroundImage = ''
8.3732 	EXP 	window1: backgroundFit = 'none'
8.3733 	EXP 	window1: mouseVisible = False
8.3734 	EXP 	window1: Attempting to measure frame rate of screen (0) ...
8.3734 	EXP 	window1: recordFrameIntervals = False
8.5390 	EXP 	window1: recordFrameIntervals = True
8.7226 	EXP 	Screen (0) actual frame rate measured at 59.91Hz
8.7226 	EXP 	window1: recordFrameIntervals = False
10.8221 	EXP 	Created image = ImageStim(__class__=<class 'psychopy.visual.image.ImageStim'>, anchor=('center', 'center'), autoLog=True, color=array([1., 1., 1.]), colorSpace='rgb', contrast=1.0, depth=-1.0, flipHoriz=False, flipVert=False, image='stimuli/fractal_left.png', interpolate=True, mask=None, maskParams=None, name='image', opacity=1.0, ori=0.0, pos=array([0., 0.]), size=array([0.5, 0.5]), texRes=128.0, units='height', win=Window(...))
10.8225 	EXP 	Created sequence: random, trialTypes=1, nReps=5, seed=None
10.8227 	EXP 	New trial (rep=0, index=0): None
11.0057 	EXP 	image: autoDraw = True
11.9399 	EXP 	New trial (rep=1, index=0): None
11.9549 	DATA 	Keypress: space
11.9721 	EXP 	image: autoDraw = False
11.9721 	EXP 	image: autoDraw = True
13.9399 	EXP 	New trial (rep=2, index=0): None
13.9547 	DATA 	Keypress: space
13.9721 	EXP 	image: autoDraw = False
13.9721 	EXP 	image: autoDraw = True
15.4063 	EXP 	New trial (rep=3, index=0): None
15.4205 	DATA 	Keypress: space
15.4385 	EXP 	image: autoDraw = False
15.4385 	EXP 	image: autoDraw = True
16.6062 	EXP 	New trial (rep=4, index=0): None
16.6204 	DATA 	Keypress: space
16.6386 	EXP 	image: autoDraw = False
16.6386 	EXP 	image: autoDraw = True
18.2898 	DATA 	Keypress: space
18.3052 	EXP 	image: autoDraw = False
18.3783 	EXP 	window1: mouseVisible = True
