30.3206 	WARNING 	User requested fullscreen with size [1024  768], but screen is actually [1920, 1080]. Using actual size
31.1576 	EXP 	Created window1 = Window(allowGUI=True, allowStencil=False, autoLog=True, backendConf=UNKNOWN, backgroundFit=<method-wrapper '__getattribute__' of attributeSetter object at 0x0000017E1AC73C70>, backgroundImage=<method-wrapper '__getattribute__' of attributeSetter object at 0x0000017E1AC73C10>, bitsMode=UNKNOWN, blendMode='avg', bpc=(8, 8, 8), color=array([0, 0, 0]), colorSpace='rgb', depthBits=8, fullscr=<method-wrapper '__getattribute__' of attributeSetter object at 0x0000017E1AC73940>, gamma=None, gammaErrorPolicy='raise', lms=UNKNOWN, monitor=<psychopy.monitors.calibTools.Monitor object at 0x0000017E212DF7C0>, multiSample=False, name='window1', numSamples=2, pos=(0, 0), screen=0, size=array([1920, 1080]), stencilBits=0, stereo=False, units='height', useFBO=True, useRetina=False, viewOri=0.0, viewPos=None, viewScale=None, waitBlanking=True, winType='pyglet')
31.1577 	EXP 	window1: mouseVisible = True
31.1577 	EXP 	window1: backgroundImage = ''
31.1577 	EXP 	window1: backgroundFit = 'none'
31.1578 	EXP 	window1: mouseVisible = False
31.1578 	EXP 	window1: Attempting to measure frame rate of screen (0) ...
31.1578 	EXP 	window1: recordFrameIntervals = False
31.3239 	EXP 	window1: recordFrameIntervals = True
31.5074 	EXP 	Screen (0) actual frame rate measured at 60.03Hz
31.5074 	EXP 	window1: recordFrameIntervals = False
33.4678 	EXP 	Created text = TextStim(__class__=<class 'psychopy.visual.text.TextStim'>, alignHoriz=method-wrapper(...), alignText='center', alignVert=method-wrapper(...), anchorHoriz='center', anchorVert='center', antialias=True, autoDraw=False, autoLog=True, bold=False, color=array([1., 1., 1.]), colorSpace='rgb', contrast=1.0, depth=-1.0, flipHoriz=False, flipVert=False, font='Open Sans', fontFiles=[], height=0.05, italic=False, languageStyle='LTR', name='text', opacity=1.0, ori=0.0, pos=array([0., 0.]), rgb=UNKNOWN, text='4', units='height', win=Window(...), wrapWidth=1)
33.4682 	EXP 	Created sequence: random, trialTypes=1, nReps=5, seed=None
33.4684 	EXP 	New trial (rep=0, index=0): None
33.4904 	EXP 	text: autoDraw = True
35.1423 	EXP 	New trial (rep=1, index=0): None
35.1574 	DATA 	Keypress: space
35.1738 	EXP 	text: autoDraw = False
35.1738 	EXP 	text: autoDraw = True
36.7583 	EXP 	New trial (rep=2, index=0): None
36.7735 	DATA 	Keypress: space
36.7904 	EXP 	text: autoDraw = False
36.7904 	EXP 	text: autoDraw = True
38.3580 	EXP 	New trial (rep=3, index=0): None
38.3729 	DATA 	Keypress: space
38.3903 	EXP 	text: autoDraw = False
38.3903 	EXP 	text: autoDraw = True
40.1411 	EXP 	New trial (rep=4, index=0): None
40.1562 	DATA 	Keypress: space
40.1736 	EXP 	text: autoDraw = False
40.1736 	EXP 	text: autoDraw = True
41.6747 	DATA 	Keypress: space
41.6901 	EXP 	text: autoDraw = False
41.7643 	EXP 	window1: mouseVisible = True
