6.5707 	WARNING 	User requested fullscreen with size [1024  768], but screen is actually [1920, 1080]. Using actual size
7.3907 	EXP 	Created window1 = Window(allowGUI=True, allowStencil=False, autoLog=True, backendConf=UNKNOWN, backgroundFit=<method-wrapper '__getattribute__' of attributeSetter object at 0x0000022FF28E22E0>, backgroundImage=<method-wrapper '__getattribute__' of attributeSetter object at 0x0000022FF28E2280>, bitsMode=UNKNOWN, blendMode='avg', bpc=(8, 8, 8), color=array([0, 0, 0]), colorSpace='rgb', depthBits=8, fullscr=<method-wrapper '__getattribute__' of attributeSetter object at 0x0000022FF28E20D0>, gamma=None, gammaErrorPolicy='raise', lms=UNKNOWN, monitor=<psychopy.monitors.calibTools.Monitor object at 0x0000022FF97CC220>, multiSample=False, name='window1', numSamples=2, pos=(0, 0), screen=0, size=array([1920, 1080]), stencilBits=0, stereo=False, units='height', useFBO=True, useRetina=False, viewOri=0.0, viewPos=None, viewScale=None, waitBlanking=True, winType='pyglet')
7.3909 	EXP 	window1: mouseVisible = True
7.3909 	EXP 	window1: backgroundImage = ''
7.3909 	EXP 	window1: backgroundFit = 'none'
7.3911 	EXP 	window1: mouseVisible = False
7.3911 	EXP 	window1: Attempting to measure frame rate of screen (0) ...
7.3911 	EXP 	window1: recordFrameIntervals = False
7.5567 	EXP 	window1: recordFrameIntervals = True
7.7399 	EXP 	Screen (0) actual frame rate measured at 59.97Hz
7.7400 	EXP 	window1: recordFrameIntervals = False
9.8365 	EXP 	Created image = ImageStim(__class__=<class 'psychopy.visual.image.ImageStim'>, anchor=('center', 'center'), autoLog=True, color=array([1., 1., 1.]), colorSpace='rgb', contrast=1.0, depth=-1.0, flipHoriz=False, flipVert=False, image='default.png', interpolate=True, mask=None, maskParams=None, name='image', opacity=1.0, ori=0.0, pos=array([0., 0.]), size=array([0.5, 0.5]), texRes=128.0, units='height', win=Window(...))
9.8369 	EXP 	Created sequence: random, trialTypes=1, nReps=5, seed=None
9.8372 	EXP 	New trial (rep=0, index=0): None
10.0402 	EXP 	image: image = 'stimuli/fractal_left.png'
10.0402 	EXP 	image: autoDraw = True
11.4078 	EXP 	New trial (rep=1, index=0): None
11.4305 	DATA 	Keypress: space
11.4401 	EXP 	image: autoDraw = False
11.4401 	EXP 	image: image = 'stimuli/fractal_left.png'
11.4401 	EXP 	image: autoDraw = True
12.5409 	EXP 	New trial (rep=2, index=0): None
12.5629 	DATA 	Keypress: space
12.5731 	EXP 	image: autoDraw = False
12.5731 	EXP 	image: image = 'stimuli/fractal_left.png'
12.5731 	EXP 	image: autoDraw = True
13.5744 	EXP 	New trial (rep=3, index=0): None
13.9076 	DATA 	Keypress: space
13.9231 	EXP 	image: autoDraw = False
13.9231 	EXP 	image: image = 'stimuli/fractal_left.png'
13.9231 	EXP 	image: autoDraw = True
15.4241 	EXP 	New trial (rep=4, index=0): None
15.4463 	DATA 	Keypress: space
15.4564 	EXP 	image: autoDraw = False
15.4564 	EXP 	image: image = 'stimuli/fractal_left.png'
15.4564 	EXP 	image: autoDraw = True
17.0910 	DATA 	Keypress: space
17.1063 	EXP 	image: autoDraw = False
17.1774 	EXP 	window1: mouseVisible = True
