13.3064 	WARNING 	User requested fullscreen with size [1024  768], but screen is actually [1920, 1080]. Using actual size
14.1578 	EXP 	Created window1 = Window(allowGUI=True, allowStencil=False, autoLog=True, backendConf=UNKNOWN, backgroundFit=<method-wrapper '__getattribute__' of attributeSetter object at 0x000001565B590E20>, backgroundImage=<method-wrapper '__getattribute__' of attributeSetter object at 0x000001565B590DC0>, bitsMode=UNKNOWN, blendMode='avg', bpc=(8, 8, 8), color=array([0, 0, 0]), colorSpace='rgb', depthBits=8, fullscr=<method-wrapper '__getattribute__' of attributeSetter object at 0x000001565B590AC0>, gamma=None, gammaErrorPolicy='raise', lms=UNKNOWN, monitor=<psychopy.monitors.calibTools.Monitor object at 0x000001566213CCD0>, multiSample=False, name='window1', numSamples=2, pos=(0, 0), screen=0, size=array([1920, 1080]), stencilBits=0, stereo=False, units='height', useFBO=True, useRetina=False, viewOri=0.0, viewPos=None, viewScale=None, waitBlanking=True, winType='pyglet')
14.1579 	EXP 	window1: mouseVisible = True
14.1579 	EXP 	window1: backgroundImage = ''
14.1579 	EXP 	window1: backgroundFit = 'none'
14.1579 	EXP 	window1: mouseVisible = False
14.1579 	EXP 	window1: Attempting to measure frame rate of screen (0) ...
14.1580 	EXP 	window1: recordFrameIntervals = False
14.3241 	EXP 	window1: recordFrameIntervals = True
14.5329 	WARNING 	t of last frame was 42.35ms (=1/23)
14.5746 	WARNING 	t of last frame was 27.16ms (=1/36)
14.7471 	WARNING 	t of last frame was 22.65ms (=1/44)
14.9246 	EXP 	Screen (0) actual frame rate measured at 60.00Hz
14.9246 	EXP 	window1: recordFrameIntervals = False
16.8904 	EXP 	Created text = TextStim(__class__=<class 'psychopy.visual.text.TextStim'>, alignHoriz=method-wrapper(...), alignText='center', alignVert=method-wrapper(...), anchorHoriz='center', anchorVert='center', antialias=True, autoDraw=False, autoLog=True, bold=False, color=array([1., 1., 1.]), colorSpace='rgb', contrast=1.0, depth=-1.0, flipHoriz=False, flipVert=False, font='Open Sans', fontFiles=[], height=0.05, italic=False, languageStyle='LTR', name='text', opacity=1.0, ori=0.0, pos=array([0., 0.]), rgb=UNKNOWN, text='4', units='height', win=Window(...), wrapWidth=1)
16.8909 	EXP 	Created sequence: random, trialTypes=1, nReps=5, seed=None
16.8910 	EXP 	New trial (rep=0, index=0): None
16.9114 	EXP 	text: autoDraw = True
19.1594 	EXP 	New trial (rep=1, index=0): None
19.1792 	EXP 	text: autoDraw = False
19.1792 	EXP 	text: autoDraw = True
20.9587 	EXP 	New trial (rep=2, index=0): None
20.9762 	EXP 	text: autoDraw = False
20.9762 	EXP 	text: autoDraw = True
21.8922 	EXP 	New trial (rep=3, index=0): None
21.9112 	EXP 	text: autoDraw = False
21.9112 	EXP 	text: autoDraw = True
22.7921 	EXP 	New trial (rep=4, index=0): None
22.8097 	EXP 	text: autoDraw = False
22.8097 	EXP 	text: autoDraw = True
23.8076 	EXP 	text: autoDraw = False
23.8325 	EXP 	window1: mouseVisible = True
