7.2731 	WARNING 	User requested fullscreen with size [1024  768], but screen is actually [1920, 1080]. Using actual size
8.0957 	EXP 	Created window1 = Window(allowGUI=True, allowStencil=False, autoLog=True, backendConf=UNKNOWN, backgroundFit=<method-wrapper '__getattribute__' of attributeSetter object at 0x00000227667B3C40>, backgroundImage=<method-wrapper '__getattribute__' of attributeSetter object at 0x00000227667B3BE0>, bitsMode=UNKNOWN, blendMode='avg', bpc=(8, 8, 8), color=array([0, 0, 0]), colorSpace='rgb', depthBits=8, fullscr=<method-wrapper '__getattribute__' of attributeSetter object at 0x00000227667B3910>, gamma=None, gammaErrorPolicy='raise', lms=UNKNOWN, monitor=<psychopy.monitors.calibTools.Monitor object at 0x000002276D3CEB20>, multiSample=False, name='window1', numSamples=2, pos=(0, 0), screen=0, size=array([1920, 1080]), stencilBits=0, stereo=False, units='height', useFBO=True, useRetina=False, viewOri=0.0, viewPos=None, viewScale=None, waitBlanking=True, winType='pyglet')
8.0959 	EXP 	window1: mouseVisible = True
8.0959 	EXP 	window1: backgroundImage = ''
8.0959 	EXP 	window1: backgroundFit = 'none'
8.0960 	EXP 	window1: mouseVisible = False
8.0961 	EXP 	window1: Attempting to measure frame rate of screen (0) ...
8.0961 	EXP 	window1: recordFrameIntervals = False
8.2618 	EXP 	window1: recordFrameIntervals = True
8.4453 	EXP 	Screen (0) actual frame rate measured at 60.03Hz
8.4453 	EXP 	window1: recordFrameIntervals = False
10.5285 	EXP 	Created image = ImageStim(__class__=<class 'psychopy.visual.image.ImageStim'>, anchor=('center', 'center'), autoLog=True, color=array([1., 1., 1.]), colorSpace='rgb', contrast=1.0, depth=-1.0, flipHoriz=False, flipVert=False, image='stimuli/fractal_left.png', interpolate=True, mask=None, maskParams=None, name='image', opacity=1.0, ori=0.0, pos=array([0., 0.]), size=array([0.5, 0.5]), texRes=128.0, units='height', win=Window(...))
10.5290 	EXP 	Created sequence: random, trialTypes=1, nReps=5, seed=None
10.5291 	EXP 	New trial (rep=0, index=0): None
10.7122 	EXP 	image: autoDraw = True
11.6796 	EXP 	New trial (rep=1, index=0): None
11.6944 	DATA 	Keypress: space
11.7116 	EXP 	image: autoDraw = False
11.7116 	EXP 	image: autoDraw = True
12.3627 	EXP 	New trial (rep=2, index=0): None
12.3768 	DATA 	Keypress: space
12.3950 	EXP 	image: autoDraw = False
12.3950 	EXP 	image: autoDraw = True
13.3460 	EXP 	New trial (rep=3, index=0): None
13.3596 	DATA 	Keypress: space
13.3783 	EXP 	image: autoDraw = False
13.3783 	EXP 	image: autoDraw = True
15.6129 	EXP 	New trial (rep=4, index=0): None
15.6270 	DATA 	Keypress: space
15.6448 	EXP 	image: autoDraw = False
15.6448 	EXP 	image: autoDraw = True
17.1293 	DATA 	Keypress: space
17.1448 	EXP 	image: autoDraw = False
17.2168 	EXP 	window1: mouseVisible = True
