7.2831 	WARNING 	User requested fullscreen with size [1024  768], but screen is actually [1920, 1080]. Using actual size
8.0980 	EXP 	Created window1 = Window(allowGUI=True, allowStencil=False, autoLog=True, backendConf=UNKNOWN, backgroundFit=<method-wrapper '__getattribute__' of attributeSetter object at 0x0000027DD7660DC0>, backgroundImage=<method-wrapper '__getattribute__' of attributeSetter object at 0x0000027DD7660D60>, bitsMode=UNKNOWN, blendMode='avg', bpc=(8, 8, 8), color=array([0, 0, 0]), colorSpace='rgb', depthBits=8, fullscr=<method-wrapper '__getattribute__' of attributeSetter object at 0x0000027DD7660A60>, gamma=None, gammaErrorPolicy='raise', lms=UNKNOWN, monitor=<psychopy.monitors.calibTools.Monitor object at 0x0000027DD8F46940>, multiSample=False, name='window1', numSamples=2, pos=(0, 0), screen=0, size=array([1920, 1080]), stencilBits=0, stereo=False, units='height', useFBO=True, useRetina=False, viewOri=0.0, viewPos=None, viewScale=None, waitBlanking=True, winType='pyglet')
8.0981 	EXP 	window1: mouseVisible = True
8.0982 	EXP 	window1: backgroundImage = ''
8.0982 	EXP 	window1: backgroundFit = 'none'
8.0983 	EXP 	window1: mouseVisible = False
8.0983 	EXP 	window1: Attempting to measure frame rate of screen (0) ...
8.0983 	EXP 	window1: recordFrameIntervals = False
8.2974 	EXP 	window1: recordFrameIntervals = True
8.4809 	EXP 	Screen (0) actual frame rate measured at 60.00Hz
8.4809 	EXP 	window1: recordFrameIntervals = False
10.5816 	EXP 	Created image = ImageStim(__class__=<class 'psychopy.visual.image.ImageStim'>, anchor=('center', 'center'), autoLog=True, color=array([1., 1., 1.]), colorSpace='rgb', contrast=1.0, depth=-1.0, flipHoriz=False, flipVert=False, image='stimuli/fractal_left.png', interpolate=True, mask=None, maskParams=None, name='image', opacity=1.0, ori=0.0, pos=array([0., 0.]), size=array([0.5, 0.5]), texRes=128.0, units='height', win=Window(...))
10.5820 	EXP 	Created sequence: random, trialTypes=1, nReps=5, seed=None
10.5822 	EXP 	New trial (rep=0, index=0): None
10.7641 	EXP 	image: autoDraw = True
11.6485 	EXP 	New trial (rep=1, index=0): None
11.6643 	DATA 	Keypress: space
11.6807 	EXP 	image: autoDraw = False
11.6807 	EXP 	image: autoDraw = True
13.6981 	EXP 	New trial (rep=2, index=0): None
13.7126 	DATA 	Keypress: space
13.7310 	EXP 	image: autoDraw = False
13.7310 	EXP 	image: autoDraw = True
15.0818 	EXP 	New trial (rep=3, index=0): None
15.0967 	DATA 	Keypress: space
15.1139 	EXP 	image: autoDraw = False
15.1139 	EXP 	image: autoDraw = True
16.5314 	EXP 	New trial (rep=4, index=0): None
16.5461 	DATA 	Keypress: space
16.5637 	EXP 	image: autoDraw = False
16.5637 	EXP 	image: autoDraw = True
17.8150 	DATA 	Keypress: space
17.8304 	EXP 	image: autoDraw = False
17.9022 	EXP 	window1: mouseVisible = True
