6.3741 	WARNING 	User requested fullscreen with size [1024  768], but screen is actually [1920, 1080]. Using actual size
7.1641 	EXP 	Created window1 = Window(allowGUI=True, allowStencil=False, autoLog=True, backendConf=UNKNOWN, backgroundFit=<method-wrapper '__getattribute__' of attributeSetter object at 0x000002D6706E0FA0>, backgroundImage=<method-wrapper '__getattribute__' of attributeSetter object at 0x000002D6706E0F40>, bitsMode=UNKNOWN, blendMode='avg', bpc=(8, 8, 8), color=array([0, 0, 0]), colorSpace='rgb', depthBits=8, fullscr=<method-wrapper '__getattribute__' of attributeSetter object at 0x000002D6706E0C40>, gamma=None, gammaErrorPolicy='raise', lms=UNKNOWN, monitor=<psychopy.monitors.calibTools.Monitor object at 0x000002D676D8AB20>, multiSample=False, name='window1', numSamples=2, pos=(0, 0), screen=0, size=array([1920, 1080]), stencilBits=0, stereo=False, units='height', useFBO=True, useRetina=False, viewOri=0.0, viewPos=None, viewScale=None, waitBlanking=True, winType='pyglet')
7.1641 	EXP 	window1: mouseVisible = True
7.1642 	EXP 	window1: backgroundImage = ''
7.1642 	EXP 	window1: backgroundFit = 'none'
7.1643 	EXP 	window1: mouseVisible = False
7.1643 	EXP 	window1: Attempting to measure frame rate of screen (0) ...
7.1643 	EXP 	window1: recordFrameIntervals = False
7.3304 	EXP 	window1: recordFrameIntervals = True
7.5140 	EXP 	Screen (0) actual frame rate measured at 59.99Hz
7.5141 	EXP 	window1: recordFrameIntervals = False
9.4751 	EXP 	Created text = TextStim(__class__=<class 'psychopy.visual.text.TextStim'>, alignHoriz=method-wrapper(...), alignText='center', alignVert=method-wrapper(...), anchorHoriz='center', anchorVert='center', antialias=True, autoDraw=False, autoLog=True, bold=False, color=array([1., 1., 1.]), colorSpace='rgb', contrast=1.0, depth=-1.0, flipHoriz=False, flipVert=False, font='Open Sans', fontFiles=[], height=0.05, italic=False, languageStyle='LTR', name='text', opacity=1.0, ori=0.0, pos=array([0., 0.]), rgb=UNKNOWN, text='5', units='height', win=Window(...), wrapWidth=1)
9.4755 	EXP 	Created sequence: random, trialTypes=1, nReps=5, seed=None
9.4758 	EXP 	New trial (rep=0, index=0): None
9.4972 	EXP 	text: autoDraw = True
10.1818 	EXP 	New trial (rep=1, index=0): None
10.1971 	DATA 	Keypress: space
10.2139 	EXP 	text: autoDraw = False
10.2139 	EXP 	text: autoDraw = True
11.8317 	DATA 	Keypress: space
11.8482 	EXP 	New trial (rep=2, index=0): None
11.8805 	EXP 	text: autoDraw = False
11.8805 	EXP 	text: autoDraw = True
12.3150 	EXP 	New trial (rep=3, index=0): None
12.3300 	DATA 	Keypress: space
12.3472 	EXP 	text: autoDraw = False
12.3472 	EXP 	text: autoDraw = True
12.6484 	EXP 	New trial (rep=4, index=0): None
12.6641 	DATA 	Keypress: space
12.6804 	EXP 	text: autoDraw = False
12.6804 	EXP 	text: autoDraw = True
12.9817 	DATA 	Keypress: space
12.9971 	EXP 	text: autoDraw = False
13.0708 	EXP 	window1: mouseVisible = True
