9.0286 	WARNING 	User requested fullscreen with size [1024  768], but screen is actually [1920, 1080]. Using actual size
9.8529 	EXP 	Created window1 = Window(allowGUI=True, allowStencil=False, autoLog=True, backendConf=UNKNOWN, backgroundFit=<method-wrapper '__getattribute__' of attributeSetter object at 0x000002BFC817BD60>, backgroundImage=<method-wrapper '__getattribute__' of attributeSetter object at 0x000002BFC817BD00>, bitsMode=UNKNOWN, blendMode='avg', bpc=(8, 8, 8), color=array([0, 0, 0]), colorSpace='rgb', depthBits=8, fullscr=<method-wrapper '__getattribute__' of attributeSetter object at 0x000002BFC817BA00>, gamma=None, gammaErrorPolicy='raise', lms=UNKNOWN, monitor=<psychopy.monitors.calibTools.Monitor object at 0x000002BFCEE57880>, multiSample=False, name='window1', numSamples=2, pos=(0, 0), screen=0, size=array([1920, 1080]), stencilBits=0, stereo=False, units='height', useFBO=True, useRetina=False, viewOri=0.0, viewPos=None, viewScale=None, waitBlanking=True, winType='pyglet')
9.8530 	EXP 	window1: mouseVisible = True
9.8530 	EXP 	window1: backgroundImage = ''
9.8530 	EXP 	window1: backgroundFit = 'none'
9.8532 	EXP 	window1: mouseVisible = False
9.8532 	EXP 	window1: Attempting to measure frame rate of screen (0) ...
9.8532 	EXP 	window1: recordFrameIntervals = False
10.0191 	EXP 	window1: recordFrameIntervals = True
10.2028 	EXP 	Screen (0) actual frame rate measured at 59.94Hz
10.2029 	EXP 	window1: recordFrameIntervals = False
12.2895 	EXP 	Created image = ImageStim(__class__=<class 'psychopy.visual.image.ImageStim'>, anchor=('center', 'center'), autoLog=True, color=array([1., 1., 1.]), colorSpace='rgb', contrast=1.0, depth=-1.0, flipHoriz=False, flipVert=False, image='stimuli/fractal_left.png', interpolate=True, mask=None, maskParams=None, name='image', opacity=1.0, ori=0.0, pos=array([0., 0.]), size=array([0.5, 0.5]), texRes=128.0, units='height', win=Window(...))
12.2899 	EXP 	Created sequence: random, trialTypes=1, nReps=5, seed=None
12.2901 	EXP 	New trial (rep=0, index=0): None
12.4693 	EXP 	image: autoDraw = True
13.6868 	EXP 	New trial (rep=1, index=0): None
13.7017 	DATA 	Keypress: space
13.7192 	EXP 	image: autoDraw = False
13.7192 	EXP 	image: autoDraw = True
15.9203 	EXP 	New trial (rep=2, index=0): None
15.9342 	DATA 	Keypress: space
15.9523 	EXP 	image: autoDraw = False
15.9523 	EXP 	image: autoDraw = True
18.1538 	EXP 	New trial (rep=3, index=0): None
18.1675 	DATA 	Keypress: space
18.1858 	EXP 	image: autoDraw = False
18.1858 	EXP 	image: autoDraw = True
19.8367 	EXP 	New trial (rep=4, index=0): None
19.8507 	DATA 	Keypress: space
19.8690 	EXP 	image: autoDraw = False
19.8690 	EXP 	image: autoDraw = True
21.6867 	DATA 	Keypress: y
21.7021 	EXP 	image: autoDraw = False
21.7740 	EXP 	window1: mouseVisible = True
