6.7669 	WARNING 	User requested fullscreen with size [1024  768], but screen is actually [1920, 1080]. Using actual size
7.5554 	EXP 	Created window1 = Window(allowGUI=True, allowStencil=False, autoLog=True, backendConf=UNKNOWN, backgroundFit=<method-wrapper '__getattribute__' of attributeSetter object at 0x000002D54AECFE20>, backgroundImage=<method-wrapper '__getattribute__' of attributeSetter object at 0x000002D54AECFFA0>, bitsMode=UNKNOWN, blendMode='avg', bpc=(8, 8, 8), color=array([0, 0, 0]), colorSpace='rgb', depthBits=8, fullscr=<method-wrapper '__getattribute__' of attributeSetter object at 0x000002D54AECFCA0>, gamma=None, gammaErrorPolicy='raise', lms=UNKNOWN, monitor=<psychopy.monitors.calibTools.Monitor object at 0x000002D551B3BEE0>, multiSample=False, name='window1', numSamples=2, pos=(0, 0), screen=0, size=array([1920, 1080]), stencilBits=0, stereo=False, units='height', useFBO=True, useRetina=False, viewOri=0.0, viewPos=None, viewScale=None, waitBlanking=True, winType='pyglet')
7.5556 	EXP 	window1: mouseVisible = True
7.5556 	EXP 	window1: backgroundImage = ''
7.5556 	EXP 	window1: backgroundFit = 'none'
7.5558 	EXP 	window1: mouseVisible = False
7.5558 	EXP 	window1: Attempting to measure frame rate of screen (0) ...
7.5558 	EXP 	window1: recordFrameIntervals = False
7.7214 	EXP 	window1: recordFrameIntervals = True
7.9050 	EXP 	Screen (0) actual frame rate measured at 59.89Hz
7.9051 	EXP 	window1: recordFrameIntervals = False
10.2064 	EXP 	Created image = ImageStim(__class__=<class 'psychopy.visual.image.ImageStim'>, anchor=('center', 'center'), autoLog=True, color=array([1., 1., 1.]), colorSpace='rgb', contrast=1.0, depth=-1.0, flipHoriz=False, flipVert=False, image='default.png', interpolate=True, mask=None, maskParams=None, name='image', opacity=1.0, ori=0.0, pos=array([0.5, 0.5]), size=array([0.5, 0.5]), texRes=128.0, units='height', win=Window(...))
10.2069 	EXP 	Created sequence: random, trialTypes=1, nReps=5, seed=None
10.2071 	EXP 	New trial (rep=0, index=0): None
10.4212 	EXP 	image: image = 'stimuli/fractal_left.png'
10.4212 	EXP 	image: autoDraw = True
11.7560 	EXP 	New trial (rep=1, index=0): None
11.7782 	DATA 	Keypress: space
11.7880 	EXP 	image: autoDraw = False
11.7880 	EXP 	image: image = 'stimuli/fractal_left.png'
11.7880 	EXP 	image: autoDraw = True
12.2389 	EXP 	New trial (rep=2, index=0): None
12.2602 	DATA 	Keypress: space
12.2712 	EXP 	image: autoDraw = False
12.2712 	EXP 	image: image = 'stimuli/fractal_left.png'
12.2712 	EXP 	image: autoDraw = True
12.6557 	EXP 	New trial (rep=3, index=0): None
12.8357 	DATA 	Keypress: space
12.8545 	EXP 	image: autoDraw = False
12.8545 	EXP 	image: image = 'stimuli/fractal_left.png'
12.8545 	EXP 	image: autoDraw = True
13.2560 	DATA 	Keypress: space
13.2721 	EXP 	New trial (rep=4, index=0): None
13.3043 	EXP 	image: autoDraw = False
13.3043 	EXP 	image: image = 'stimuli/fractal_left.png'
13.3043 	EXP 	image: autoDraw = True
13.7556 	DATA 	Keypress: space
13.7712 	EXP 	image: autoDraw = False
13.8427 	EXP 	window1: mouseVisible = True
